2020-03-24 20:07:06 [scrapy.utils.log] INFO: Scrapy 2.0.1 started (bot: corona_country_scraper)
2020-03-24 20:07:06 [scrapy.utils.log] INFO: Versions: lxml 4.5.0.0, libxml2 2.9.10, cssselect 1.1.0, parsel 1.5.2, w3lib 1.21.0, Twisted 20.3.0, Python 3.7.6 (default, Dec 30 2019, 19:38:26) - [Clang 11.0.0 (clang-1100.0.33.16)], pyOpenSSL 19.1.0 (OpenSSL 1.1.1d  10 Sep 2019), cryptography 2.8, Platform Darwin-19.3.0-x86_64-i386-64bit
2020-03-24 20:07:06 [scrapy.utils.log] DEBUG: Using reactor: twisted.internet.selectreactor.SelectReactor
2020-03-24 20:07:06 [scrapy.crawler] INFO: Overridden settings:
{'BOT_NAME': 'corona_country_scraper',
 'LOG_FILE': 'logs/corona_country_scraper/country/087397966e0b11ea99e9acde48001122.log',
 'NEWSPIDER_MODULE': 'corona_country_scraper.spiders',
 'ROBOTSTXT_OBEY': True,
 'SPIDER_MODULES': ['corona_country_scraper.spiders']}
2020-03-24 20:07:06 [scrapy.extensions.telnet] INFO: Telnet Password: a85a71e9f69c53d3
2020-03-24 20:07:06 [scrapy.middleware] INFO: Enabled extensions:
['scrapy.extensions.corestats.CoreStats',
 'scrapy.extensions.telnet.TelnetConsole',
 'scrapy.extensions.memusage.MemoryUsage',
 'scrapy.extensions.logstats.LogStats']
2020-03-24 20:07:06 [scrapy.middleware] INFO: Enabled downloader middlewares:
['scrapy.downloadermiddlewares.robotstxt.RobotsTxtMiddleware',
 'scrapy.downloadermiddlewares.httpauth.HttpAuthMiddleware',
 'scrapy.downloadermiddlewares.downloadtimeout.DownloadTimeoutMiddleware',
 'scrapy.downloadermiddlewares.defaultheaders.DefaultHeadersMiddleware',
 'scrapy.downloadermiddlewares.useragent.UserAgentMiddleware',
 'scrapy.downloadermiddlewares.retry.RetryMiddleware',
 'scrapy.downloadermiddlewares.redirect.MetaRefreshMiddleware',
 'scrapy.downloadermiddlewares.httpcompression.HttpCompressionMiddleware',
 'scrapy.downloadermiddlewares.redirect.RedirectMiddleware',
 'scrapy.downloadermiddlewares.cookies.CookiesMiddleware',
 'scrapy.downloadermiddlewares.httpproxy.HttpProxyMiddleware',
 'scrapy.downloadermiddlewares.stats.DownloaderStats']
2020-03-24 20:07:06 [scrapy.middleware] INFO: Enabled spider middlewares:
['scrapy.spidermiddlewares.httperror.HttpErrorMiddleware',
 'scrapy.spidermiddlewares.offsite.OffsiteMiddleware',
 'scrapy.spidermiddlewares.referer.RefererMiddleware',
 'scrapy.spidermiddlewares.urllength.UrlLengthMiddleware',
 'scrapy.spidermiddlewares.depth.DepthMiddleware']
2020-03-24 20:07:06 [scrapy.middleware] INFO: Enabled item pipelines:
['corona_country_scraper.pipelines.CoronaCountryScraperPipeline']
2020-03-24 20:07:06 [scrapy.core.engine] INFO: Spider opened
2020-03-24 20:07:06 [scrapy.extensions.logstats] INFO: Crawled 0 pages (at 0 pages/min), scraped 0 items (at 0 items/min)
2020-03-24 20:07:06 [scrapy.extensions.telnet] INFO: Telnet console listening on 127.0.0.1:6023
2020-03-24 20:07:07 [scrapy.core.engine] DEBUG: Crawled (404) <GET https://www.worldometers.info/robots.txt> (referer: None)
2020-03-24 20:07:07 [protego] DEBUG: Rule at line 2 without any user agent to enforce it on.
2020-03-24 20:07:07 [protego] DEBUG: Rule at line 10 without any user agent to enforce it on.
2020-03-24 20:07:07 [protego] DEBUG: Rule at line 12 without any user agent to enforce it on.
2020-03-24 20:07:07 [protego] DEBUG: Rule at line 14 without any user agent to enforce it on.
2020-03-24 20:07:07 [protego] DEBUG: Rule at line 16 without any user agent to enforce it on.
2020-03-24 20:07:08 [scrapy.core.engine] DEBUG: Crawled (200) <GET https://www.worldometers.info/coronavirus//> (referer: None)
2020-03-24 20:07:08 [asyncio] DEBUG: Using selector: KqueueSelector
2020-03-24 20:07:08 [scrapy.core.scraper] DEBUG: Scraped from <200 https://www.worldometers.info/coronavirus//>
{'active': 4735,
 'death': 3277,
 'name': 'China',
 'new_case': 78,
 'new_death': 7,
 'recovered': 73159,
 'serious': 1573,
 'total_case': 81171}
2020-03-24 20:07:08 [scrapy.core.scraper] DEBUG: Scraped from <200 https://www.worldometers.info/coronavirus//>
{'active': 54030,
 'death': 6820,
 'name': 'Italy',
 'new_case': 5249,
 'new_death': 743,
 'recovered': 8326,
 'serious': 3393,
 'total_case': 69176}
2020-03-24 20:07:08 [scrapy.core.scraper] DEBUG: Scraped from <200 https://www.worldometers.info/coronavirus//>
{'active': 51357,
 'death': 673,
 'name': 'USA',
 'new_case': 8666,
 'new_death': 120,
 'recovered': 370,
 'serious': 1175,
 'total_case': 52400}
2020-03-24 20:07:08 [scrapy.core.scraper] DEBUG: Scraped from <200 https://www.worldometers.info/coronavirus//>
{'active': 33082,
 'death': 2800,
 'name': 'Spain',
 'new_case': 4540,
 'new_death': 489,
 'recovered': 3794,
 'serious': 2355,
 'total_case': 39676}
2020-03-24 20:07:08 [scrapy.core.scraper] DEBUG: Scraped from <200 https://www.worldometers.info/coronavirus//>
{'active': 29381,
 'death': 157,
 'name': 'Germany',
 'new_case': 3725,
 'new_death': 34,
 'recovered': 3243,
 'serious': 23,
 'total_case': 32781}
2020-03-24 20:07:08 [scrapy.core.scraper] DEBUG: Scraped from <200 https://www.worldometers.info/coronavirus//>
{'active': 13964,
 'death': 1934,
 'name': 'Iran',
 'new_case': 1762,
 'new_death': 122,
 'recovered': 8913,
 'serious': 0,
 'total_case': 24811}
2020-03-24 20:07:08 [scrapy.core.scraper] DEBUG: Scraped from <200 https://www.worldometers.info/coronavirus//>
{'active': 17923,
 'death': 1100,
 'name': 'France',
 'new_case': 2448,
 'new_death': 240,
 'recovered': 3281,
 'serious': 2516,
 'total_case': 22304}
2020-03-24 20:07:08 [scrapy.core.scraper] DEBUG: Scraped from <200 https://www.worldometers.info/coronavirus//>
{'active': 9624,
 'death': 122,
 'name': 'Switzerland',
 'new_case': 1082,
 'new_death': 2,
 'recovered': 131,
 'serious': 141,
 'total_case': 9877}
2020-03-24 20:07:08 [scrapy.core.scraper] DEBUG: Scraped from <200 https://www.worldometers.info/coronavirus//>
{'active': 5410,
 'death': 120,
 'name': 'S. Korea',
 'new_case': 76,
 'new_death': 9,
 'recovered': 3507,
 'serious': 59,
 'total_case': 9037}
2020-03-24 20:07:08 [scrapy.core.scraper] DEBUG: Scraped from <200 https://www.worldometers.info/coronavirus//>
{'active': 7520,
 'death': 422,
 'name': 'UK',
 'new_case': 1427,
 'new_death': 87,
 'recovered': 135,
 'serious': 20,
 'total_case': 8077}
2020-03-24 20:07:08 [scrapy.core.scraper] DEBUG: Scraped from <200 https://www.worldometers.info/coronavirus//>
{'active': 5282,
 'death': 276,
 'name': 'Netherlands',
 'new_case': 811,
 'new_death': 63,
 'recovered': 2,
 'serious': 435,
 'total_case': 5560}
2020-03-24 20:07:08 [scrapy.core.scraper] DEBUG: Scraped from <200 https://www.worldometers.info/coronavirus//>
{'active': 5246,
 'death': 28,
 'name': 'Austria',
 'new_case': 809,
 'new_death': 7,
 'recovered': 9,
 'serious': 22,
 'total_case': 5283}
2020-03-24 20:07:08 [scrapy.core.scraper] DEBUG: Scraped from <200 https://www.worldometers.info/coronavirus//>
{'active': 3686,
 'death': 122,
 'name': 'Belgium',
 'new_case': 526,
 'new_death': 34,
 'recovered': 461,
 'serious': 381,
 'total_case': 4269}
2020-03-24 20:07:08 [scrapy.core.scraper] DEBUG: Scraped from <200 https://www.worldometers.info/coronavirus//>
{'active': 2761,
 'death': 12,
 'name': 'Norway',
 'new_case': 154,
 'new_death': 2,
 'recovered': 6,
 'serious': 44,
 'total_case': 2779}
2020-03-24 20:07:08 [scrapy.core.scraper] DEBUG: Scraped from <200 https://www.worldometers.info/coronavirus//>
{'active': 2453,
 'death': 25,
 'name': 'Canada',
 'new_case': 499,
 'new_death': 1,
 'recovered': 112,
 'serious': 1,
 'total_case': 2590}
2020-03-24 20:07:08 [scrapy.core.scraper] DEBUG: Scraped from <200 https://www.worldometers.info/coronavirus//>
{'active': 2307,
 'death': 33,
 'name': 'Portugal',
 'new_case': 302,
 'new_death': 10,
 'recovered': 22,
 'serious': 48,
 'total_case': 2362}
2020-03-24 20:07:08 [scrapy.core.scraper] DEBUG: Scraped from <200 https://www.worldometers.info/coronavirus//>
{'active': 2234,
 'death': 36,
 'name': 'Sweden',
 'new_case': 240,
 'new_death': 9,
 'recovered': 16,
 'serious': 136,
 'total_case': 2286}
2020-03-24 20:07:08 [scrapy.core.scraper] DEBUG: Scraped from <200 https://www.worldometers.info/coronavirus//>
{'active': 2018,
 'death': 8,
 'name': 'Australia',
 'new_case': 257,
 'new_death': 1,
 'recovered': 118,
 'serious': 11,
 'total_case': 2144}
2020-03-24 20:07:08 [scrapy.core.scraper] DEBUG: Scraped from <200 https://www.worldometers.info/coronavirus//>
{'active': 1982,
 'death': 34,
 'name': 'Brazil',
 'new_case': 94,
 'new_death': 0,
 'recovered': 2,
 'serious': 18,
 'total_case': 2018}
2020-03-24 20:07:08 [scrapy.core.scraper] DEBUG: Scraped from <200 https://www.worldometers.info/coronavirus//>
{'active': 1874,
 'death': 3,
 'name': 'Israel',
 'new_case': 488,
 'new_death': 2,
 'recovered': 53,
 'serious': 34,
 'total_case': 1930}
2020-03-24 20:07:08 [scrapy.core.scraper] DEBUG: Scraped from <200 https://www.worldometers.info/coronavirus//>
{'active': 1828,
 'death': 44,
 'name': 'Turkey',
 'new_case': 343,
 'new_death': 7,
 'recovered': 0,
 'serious': 0,
 'total_case': 1872}
2020-03-24 20:07:08 [scrapy.core.scraper] DEBUG: Scraped from <200 https://www.worldometers.info/coronavirus//>
{'active': 1425,
 'death': 16,
 'name': 'Malaysia',
 'new_case': 106,
 'new_death': 2,
 'recovered': 183,
 'serious': 64,
 'total_case': 1624}
2020-03-24 20:07:08 [scrapy.core.scraper] DEBUG: Scraped from <200 https://www.worldometers.info/coronavirus//>
{'active': 1558,
 'death': 32,
 'name': 'Denmark',
 'new_case': 131,
 'new_death': 8,
 'recovered': 1,
 'serious': 69,
 'total_case': 1591}
2020-03-24 20:07:08 [scrapy.core.scraper] DEBUG: Scraped from <200 https://www.worldometers.info/coronavirus//>
{'active': 1384,
 'death': 2,
 'name': 'Czechia',
 'new_case': 158,
 'new_death': 1,
 'recovered': 8,
 'serious': 19,
 'total_case': 1394}
2020-03-24 20:07:08 [scrapy.core.scraper] DEBUG: Scraped from <200 https://www.worldometers.info/coronavirus//>
{'active': 865,
 'death': 43,
 'name': 'Japan',
 'new_case': 65,
 'new_death': 1,
 'recovered': 285,
 'serious': 54,
 'total_case': 1193}
2020-03-24 20:07:08 [scrapy.core.scraper] DEBUG: Scraped from <200 https://www.worldometers.info/coronavirus//>
{'active': 1114,
 'death': 6,
 'name': 'Ireland',
 'new_case': 0,
 'new_death': 0,
 'recovered': 5,
 'serious': 29,
 'total_case': 1125}
2020-03-24 20:07:08 [scrapy.core.scraper] DEBUG: Scraped from <200 https://www.worldometers.info/coronavirus//>
{'active': 1085,
 'death': 8,
 'name': 'Luxembourg',
 'new_case': 224,
 'new_death': 0,
 'recovered': 6,
 'serious': 3,
 'total_case': 1099}
2020-03-24 20:07:08 [scrapy.core.scraper] DEBUG: Scraped from <200 https://www.worldometers.info/coronavirus//>
{'active': 1019,
 'death': 27,
 'name': 'Ecuador',
 'new_case': 68,
 'new_death': 9,
 'recovered': 3,
 'serious': 2,
 'total_case': 1049}
2020-03-24 20:07:08 [scrapy.core.scraper] DEBUG: Scraped from <200 https://www.worldometers.info/coronavirus//>
{'active': 947,
 'death': 7,
 'name': 'Pakistan',
 'new_case': 97,
 'new_death': 1,
 'recovered': 18,
 'serious': 5,
 'total_case': 972}
2020-03-24 20:07:08 [scrapy.core.scraper] DEBUG: Scraped from <200 https://www.worldometers.info/coronavirus//>
{'active': 903,
 'death': 2,
 'name': 'Chile',
 'new_case': 176,
 'new_death': 0,
 'recovered': 17,
 'serious': 7,
 'total_case': 922}
2020-03-24 20:07:08 [scrapy.core.scraper] DEBUG: Scraped from <200 https://www.worldometers.info/coronavirus//>
{'active': 873,
 'death': 10,
 'name': 'Poland',
 'new_case': 135,
 'new_death': 2,
 'recovered': 1,
 'serious': 3,
 'total_case': 884}
2020-03-24 20:07:08 [scrapy.core.scraper] DEBUG: Scraped from <200 https://www.worldometers.info/coronavirus//>
{'active': 771,
 'death': 4,
 'name': 'Thailand',
 'new_case': 106,
 'new_death': 3,
 'recovered': 52,
 'serious': 7,
 'total_case': 827}
2020-03-24 20:07:08 [scrapy.core.scraper] DEBUG: Scraped from <200 https://www.worldometers.info/coronavirus//>
{'active': 781,
 'death': 1,
 'name': 'Finland',
 'new_case': 92,
 'new_death': 0,
 'recovered': 10,
 'serious': 11,
 'total_case': 792}
2020-03-24 20:07:08 [scrapy.core.scraper] DEBUG: Scraped from <200 https://www.worldometers.info/coronavirus//>
{'active': 738,
 'death': 1,
 'name': 'Saudi Arabia',
 'new_case': 205,
 'new_death': 1,
 'recovered': 28,
 'serious': 0,
 'total_case': 767}
2020-03-24 20:07:08 [scrapy.core.scraper] DEBUG: Scraped from <200 https://www.worldometers.info/coronavirus//>
{'active': 672,
 'death': 11,
 'name': 'Romania',
 'new_case': 186,
 'new_death': 4,
 'recovered': 79,
 'serious': 15,
 'total_case': 762}
2020-03-24 20:07:08 [scrapy.core.scraper] DEBUG: Scraped from <200 https://www.worldometers.info/coronavirus//>
{'active': 694,
 'death': 20,
 'name': 'Greece',
 'new_case': 48,
 'new_death': 3,
 'recovered': 29,
 'serious': 35,
 'total_case': 743}
2020-03-24 20:07:08 [scrapy.core.scraper] DEBUG: Scraped from <200 https://www.worldometers.info/coronavirus//>
{'active': 115,
 'death': 10,
 'name': 'Diamond Princess',
 'new_case': 0,
 'new_death': 2,
 'recovered': 587,
 'serious': 15,
 'total_case': 712}
2020-03-24 20:07:08 [scrapy.core.scraper] DEBUG: Scraped from <200 https://www.worldometers.info/coronavirus//>
{'active': 601,
 'death': 55,
 'name': 'Indonesia',
 'new_case': 107,
 'new_death': 6,
 'recovered': 30,
 'serious': 0,
 'total_case': 686}
2020-03-24 20:07:08 [scrapy.core.scraper] DEBUG: Scraped from <200 https://www.worldometers.info/coronavirus//>
{'active': 595,
 'death': 2,
 'name': 'Iceland',
 'new_case': 60,
 'new_death': 1,
 'recovered': 51,
 'serious': 13,
 'total_case': 648}
2020-03-24 20:07:08 [scrapy.core.scraper] DEBUG: Scraped from <200 https://www.worldometers.info/coronavirus//>
{'active': 400,
 'death': 2,
 'name': 'Singapore',
 'new_case': 49,
 'new_death': 0,
 'recovered': 156,
 'serious': 14,
 'total_case': 558}
2020-03-24 20:07:08 [scrapy.core.scraper] DEBUG: Scraped from <200 https://www.worldometers.info/coronavirus//>
{'active': 550,
 'death': 0,
 'name': 'South Africa',
 'new_case': 152,
 'new_death': 0,
 'recovered': 4,
 'serious': 2,
 'total_case': 554}
2020-03-24 20:07:08 [scrapy.core.scraper] DEBUG: Scraped from <200 https://www.worldometers.info/coronavirus//>
{'active': 497,
 'death': 35,
 'name': 'Philippines',
 'new_case': 90,
 'new_death': 2,
 'recovered': 20,
 'serious': 1,
 'total_case': 552}
2020-03-24 20:07:08 [scrapy.core.scraper] DEBUG: Scraped from <200 https://www.worldometers.info/coronavirus//>
{'active': 486,
 'death': 10,
 'name': 'India',
 'new_case': 37,
 'new_death': 0,
 'recovered': 40,
 'serious': 0,
 'total_case': 536}
2020-03-24 20:07:08 [scrapy.core.scraper] DEBUG: Scraped from <200 https://www.worldometers.info/coronavirus//>
{'active': 485,
 'death': 0,
 'name': 'Qatar',
 'new_case': 25,
 'new_death': 0,
 'recovered': 41,
 'serious': 6,
 'total_case': 526}
2020-03-24 20:07:08 [scrapy.core.scraper] DEBUG: Scraped from <200 https://www.worldometers.info/coronavirus//>
{'active': 472,
 'death': 1,
 'name': 'Russia',
 'new_case': 57,
 'new_death': 0,
 'recovered': 22,
 'serious': 8,
 'total_case': 495}
2020-03-24 20:07:08 [scrapy.core.scraper] DEBUG: Scraped from <200 https://www.worldometers.info/coronavirus//>
{'active': 473,
 'death': 4,
 'name': 'Slovenia',
 'new_case': 38,
 'new_death': 1,
 'recovered': 3,
 'serious': 12,
 'total_case': 480}
2020-03-24 20:07:08 [scrapy.core.scraper] DEBUG: Scraped from <200 https://www.worldometers.info/coronavirus//>
{'active': 408,
 'death': 7,
 'name': 'Peru',
 'new_case': 21,
 'new_death': 2,
 'recovered': 1,
 'serious': 19,
 'total_case': 416}
2020-03-24 20:07:08 [scrapy.core.scraper] DEBUG: Scraped from <200 https://www.worldometers.info/coronavirus//>
{'active': 302,
 'death': 20,
 'name': 'Egypt',
 'new_case': 36,
 'new_death': 1,
 'recovered': 80,
 'serious': 0,
 'total_case': 402}
2020-03-24 20:07:08 [scrapy.core.scraper] DEBUG: Scraped from <200 https://www.worldometers.info/coronavirus//>
{'active': 212,
 'death': 3,
 'name': 'Bahrain',
 'new_case': 15,
 'new_death': 1,
 'recovered': 177,
 'serious': 2,
 'total_case': 392}
2020-03-24 20:07:08 [scrapy.core.scraper] DEBUG: Scraped from <200 https://www.worldometers.info/coronavirus//>
{'active': 280,
 'death': 4,
 'name': 'Hong Kong',
 'new_case': 29,
 'new_death': 0,
 'recovered': 102,
 'serious': 4,
 'total_case': 386}
2020-03-24 20:07:08 [scrapy.core.scraper] DEBUG: Scraped from <200 https://www.worldometers.info/coronavirus//>
{'active': 376,
 'death': 1,
 'name': 'Croatia',
 'new_case': 67,
 'new_death': 0,
 'recovered': 5,
 'serious': 6,
 'total_case': 382}
2020-03-24 20:07:08 [scrapy.core.scraper] DEBUG: Scraped from <200 https://www.worldometers.info/coronavirus//>
{'active': 362,
 'death': 0,
 'name': 'Estonia',
 'new_case': 17,
 'new_death': 0,
 'recovered': 7,
 'serious': 4,
 'total_case': 369}
2020-03-24 20:07:08 [scrapy.core.scraper] DEBUG: Scraped from <200 https://www.worldometers.info/coronavirus//>
{'active': 359,
 'death': 4,
 'name': 'Mexico',
 'new_case': 51,
 'new_death': 1,
 'recovered': 4,
 'serious': 1,
 'total_case': 367}
2020-03-24 20:07:08 [scrapy.core.scraper] DEBUG: Scraped from <200 https://www.worldometers.info/coronavirus//>
{'active': 338,
 'death': 6,
 'name': 'Panama',
 'new_case': 0,
 'new_death': 0,
 'recovered': 1,
 'serious': 33,
 'total_case': 345}
2020-03-24 20:07:08 [scrapy.core.scraper] DEBUG: Scraped from <200 https://www.worldometers.info/coronavirus//>
{'active': 306,
 'death': 4,
 'name': 'Lebanon',
 'new_case': 51,
 'new_death': 0,
 'recovered': 8,
 'serious': 4,
 'total_case': 318}
2020-03-24 20:07:08 [scrapy.core.scraper] DEBUG: Scraped from <200 https://www.worldometers.info/coronavirus//>
{'active': 214,
 'death': 27,
 'name': 'Iraq',
 'new_case': 50,
 'new_death': 4,
 'recovered': 75,
 'serious': 0,
 'total_case': 316}
2020-03-24 20:07:08 [scrapy.core.scraper] DEBUG: Scraped from <200 https://www.worldometers.info/coronavirus//>
{'active': 303,
 'death': 6,
 'name': 'Dominican Republic',
 'new_case': 67,
 'new_death': 3,
 'recovered': 3,
 'serious': 0,
 'total_case': 312}
2020-03-24 20:07:08 [scrapy.core.scraper] DEBUG: Scraped from <200 https://www.worldometers.info/coronavirus//>
{'active': 297,
 'death': 3,
 'name': 'Colombia',
 'new_case': 29,
 'new_death': 0,
 'recovered': 6,
 'serious': 0,
 'total_case': 306}
2020-03-24 20:07:08 [scrapy.core.scraper] DEBUG: Scraped from <200 https://www.worldometers.info/coronavirus//>
{'active': 285,
 'death': 3,
 'name': 'Serbia',
 'new_case': 54,
 'new_death': 0,
 'recovered': 15,
 'serious': 21,
 'total_case': 303}
2020-03-24 20:07:08 [scrapy.core.scraper] DEBUG: Scraped from <200 https://www.worldometers.info/coronavirus//>
{'active': 243,
 'death': 6,
 'name': 'Argentina',
 'new_case': 0,
 'new_death': 2,
 'recovered': 52,
 'serious': 0,
 'total_case': 301}
2020-03-24 20:07:08 [scrapy.core.scraper] DEBUG: Scraped from <200 https://www.worldometers.info/coronavirus//>
{'active': 221,
 'death': 19,
 'name': 'Algeria',
 'new_case': 34,
 'new_death': 2,
 'recovered': 24,
 'serious': 0,
 'total_case': 264}
2020-03-24 20:07:08 [scrapy.core.scraper] DEBUG: Scraped from <200 https://www.worldometers.info/coronavirus//>
{'active': 245,
 'death': 0,
 'name': 'Armenia',
 'new_case': 14,
 'new_death': 0,
 'recovered': 4,
 'serious': 6,
 'total_case': 249}
2020-03-24 20:07:08 [scrapy.core.scraper] DEBUG: Scraped from <200 https://www.worldometers.info/coronavirus//>
{'active': 201,
 'death': 2,
 'name': 'UAE',
 'new_case': 50,
 'new_death': 0,
 'recovered': 45,
 'serious': 2,
 'total_case': 248}
2020-03-24 20:07:08 [scrapy.core.scraper] DEBUG: Scraped from <200 https://www.worldometers.info/coronavirus//>
{'active': 212,
 'death': 3,
 'name': 'Bulgaria',
 'new_case': 17,
 'new_death': 0,
 'recovered': 3,
 'serious': 8,
 'total_case': 218}
2020-03-24 20:07:08 [scrapy.core.scraper] DEBUG: Scraped from <200 https://www.worldometers.info/coronavirus//>
{'active': 185,
 'death': 2,
 'name': 'Taiwan',
 'new_case': 21,
 'new_death': 0,
 'recovered': 29,
 'serious': 0,
 'total_case': 216}
2020-03-24 20:07:08 [scrapy.core.scraper] DEBUG: Scraped from <200 https://www.worldometers.info/coronavirus//>
{'active': 206,
 'death': 2,
 'name': 'Lithuania',
 'new_case': 30,
 'new_death': 1,
 'recovered': 1,
 'serious': 1,
 'total_case': 209}
2020-03-24 20:07:08 [scrapy.core.scraper] DEBUG: Scraped from <200 https://www.worldometers.info/coronavirus//>
{'active': 197,
 'death': 0,
 'name': 'Slovakia',
 'new_case': 18,
 'new_death': 0,
 'recovered': 7,
 'serious': 2,
 'total_case': 204}
2020-03-24 20:07:08 [scrapy.core.scraper] DEBUG: Scraped from <200 https://www.worldometers.info/coronavirus//>
{'active': 196,
 'death': 0,
 'name': 'Latvia',
 'new_case': 17,
 'new_death': 0,
 'recovered': 1,
 'serious': 0,
 'total_case': 197}
2020-03-24 20:07:08 [scrapy.core.scraper] DEBUG: Scraped from <200 https://www.worldometers.info/coronavirus//>
{'active': 152,
 'death': 0,
 'name': 'Kuwait',
 'new_case': 2,
 'new_death': 0,
 'recovered': 39,
 'serious': 5,
 'total_case': 191}
2020-03-24 20:07:08 [scrapy.core.scraper] DEBUG: Scraped from <200 https://www.worldometers.info/coronavirus//>
{'active': 162,
 'death': 21,
 'name': 'San Marino',
 'new_case': 0,
 'new_death': 1,
 'recovered': 4,
 'serious': 12,
 'total_case': 187}
2020-03-24 20:07:08 [scrapy.core.scraper] DEBUG: Scraped from <200 https://www.worldometers.info/coronavirus//>
{'active': 157,
 'death': 9,
 'name': 'Hungary',
 'new_case': 20,
 'new_death': 1,
 'recovered': 21,
 'serious': 6,
 'total_case': 187}
2020-03-24 20:07:08 [scrapy.core.scraper] DEBUG: Scraped from <200 https://www.worldometers.info/coronavirus//>
{'active': 173,
 'death': 2,
 'name': 'Costa Rica',
 'new_case': 19,
 'new_death': 0,
 'recovered': 2,
 'serious': 4,
 'total_case': 177}
2020-03-24 20:07:08 [scrapy.core.scraper] DEBUG: Scraped from <200 https://www.worldometers.info/coronavirus//>
{'active': 159,
 'death': 5,
 'name': 'Morocco',
 'new_case': 27,
 'new_death': 1,
 'recovered': 6,
 'serious': 1,
 'total_case': 170}
2020-03-24 20:07:08 [scrapy.core.scraper] DEBUG: Scraped from <200 https://www.worldometers.info/coronavirus//>
{'active': 161,
 'death': 3,
 'name': 'Bosnia and Herzegovina',
 'new_case': 30,
 'new_death': 2,
 'recovered': 2,
 'serious': 1,
 'total_case': 166}
2020-03-24 20:07:08 [scrapy.core.scraper] DEBUG: Scraped from <200 https://www.worldometers.info/coronavirus//>
{'active': 162,
 'death': 1,
 'name': 'Andorra',
 'new_case': 31,
 'new_death': 0,
 'recovered': 1,
 'serious': 7,
 'total_case': 164}
2020-03-24 20:07:08 [scrapy.core.scraper] DEBUG: Scraped from <200 https://www.worldometers.info/coronavirus//>
{'active': 162,
 'death': 0,
 'name': 'Uruguay',
 'new_case': 0,
 'new_death': 0,
 'recovered': 0,
 'serious': 3,
 'total_case': 162}
2020-03-24 20:07:08 [scrapy.core.scraper] DEBUG: Scraped from <200 https://www.worldometers.info/coronavirus//>
{'active': 143,
 'death': 0,
 'name': 'New Zealand',
 'new_case': 53,
 'new_death': 0,
 'recovered': 12,
 'serious': 0,
 'total_case': 155}
2020-03-24 20:07:08 [scrapy.core.scraper] DEBUG: Scraped from <200 https://www.worldometers.info/coronavirus//>
{'active': 152,
 'death': 0,
 'name': 'Jordan',
 'new_case': 26,
 'new_death': 0,
 'recovered': 1,
 'serious': 0,
 'total_case': 153}
2020-03-24 20:07:08 [scrapy.core.scraper] DEBUG: Scraped from <200 https://www.worldometers.info/coronavirus//>
{'active': 145,
 'death': 2,
 'name': 'North Macedonia',
 'new_case': 12,
 'new_death': 0,
 'recovered': 1,
 'serious': 1,
 'total_case': 148}
2020-03-24 20:07:08 [scrapy.core.scraper] DEBUG: Scraped from <200 https://www.worldometers.info/coronavirus//>
{'active': 117,
 'death': 0,
 'name': 'Vietnam',
 'new_case': 11,
 'new_death': 0,
 'recovered': 17,
 'serious': 3,
 'total_case': 134}
2020-03-24 20:07:08 [scrapy.core.scraper] DEBUG: Scraped from <200 https://www.worldometers.info/coronavirus//>
{'active': 122,
 'death': 1,
 'name': 'Moldova',
 'new_case': 16,
 'new_death': 0,
 'recovered': 2,
 'serious': 10,
 'total_case': 125}
2020-03-24 20:07:08 [scrapy.core.scraper] DEBUG: Scraped from <200 https://www.worldometers.info/coronavirus//>
{'active': 118,
 'death': 3,
 'name': 'Cyprus',
 'new_case': 8,
 'new_death': 2,
 'recovered': 3,
 'serious': 3,
 'total_case': 124}
2020-03-24 20:07:08 [scrapy.core.scraper] DEBUG: Scraped from <200 https://www.worldometers.info/coronavirus//>
{'active': 108,
 'death': 5,
 'name': 'Albania',
 'new_case': 19,
 'new_death': 1,
 'recovered': 10,
 'serious': 2,
 'total_case': 123}
2020-03-24 20:07:08 [scrapy.core.scraper] DEBUG: Scraped from <200 https://www.worldometers.info/coronavirus//>
{'active': 99,
 'death': 0,
 'name': 'Faeroe Islands',
 'new_case': 4,
 'new_death': 0,
 'recovered': 23,
 'serious': 0,
 'total_case': 122}
2020-03-24 20:07:08 [scrapy.core.scraper] DEBUG: Scraped from <200 https://www.worldometers.info/coronavirus//>
{'active': 103,
 'death': 4,
 'name': 'Burkina Faso',
 'new_case': 15,
 'new_death': 0,
 'recovered': 7,
 'serious': 0,
 'total_case': 114}
2020-03-24 20:07:08 [scrapy.core.scraper] DEBUG: Scraped from <200 https://www.worldometers.info/coronavirus//>
{'active': 110,
 'death': 3,
 'name': 'Tunisia',
 'new_case': 25,
 'new_death': 0,
 'recovered': 1,
 'serious': 11,
 'total_case': 114}
2020-03-24 20:07:08 [scrapy.core.scraper] DEBUG: Scraped from <200 https://www.worldometers.info/coronavirus//>
{'active': 108,
 'death': 0,
 'name': 'Malta',
 'new_case': 3,
 'new_death': 0,
 'recovered': 2,
 'serious': 1,
 'total_case': 110}
2020-03-24 20:07:08 [scrapy.core.scraper] DEBUG: Scraped from <200 https://www.worldometers.info/coronavirus//>
{'active': 102,
 'death': 0,
 'name': 'Brunei ',
 'new_case': 13,
 'new_death': 0,
 'recovered': 2,
 'serious': 2,
 'total_case': 104}
2020-03-24 20:07:08 [scrapy.core.scraper] DEBUG: Scraped from <200 https://www.worldometers.info/coronavirus//>
{'active': 100,
 'death': 0,
 'name': 'Sri Lanka',
 'new_case': 5,
 'new_death': 0,
 'recovered': 2,
 'serious': 2,
 'total_case': 102}
2020-03-24 20:07:08 [scrapy.core.scraper] DEBUG: Scraped from <200 https://www.worldometers.info/coronavirus//>
{'active': 93,
 'death': 3,
 'name': 'Ukraine',
 'new_case': 24,
 'new_death': 0,
 'recovered': 1,
 'serious': 0,
 'total_case': 97}
2020-03-24 20:07:08 [scrapy.core.scraper] DEBUG: Scraped from <200 https://www.worldometers.info/coronavirus//>
{'active': 93,
 'death': 0,
 'name': 'Réunion',
 'new_case': 23,
 'new_death': 0,
 'recovered': 1,
 'serious': 0,
 'total_case': 94}
2020-03-24 20:07:08 [scrapy.core.scraper] DEBUG: Scraped from <200 https://www.worldometers.info/coronavirus//>
{'active': 87,
 'death': 0,
 'name': 'Cambodia',
 'new_case': 4,
 'new_death': 0,
 'recovered': 4,
 'serious': 1,
 'total_case': 91}
2020-03-24 20:07:08 [scrapy.core.scraper] DEBUG: Scraped from <200 https://www.worldometers.info/coronavirus//>
{'active': 76,
 'death': 1,
 'name': 'Azerbaijan',
 'new_case': 15,
 'new_death': 0,
 'recovered': 10,
 'serious': 6,
 'total_case': 87}
2020-03-24 20:07:08 [scrapy.core.scraper] DEBUG: Scraped from <200 https://www.worldometers.info/coronavirus//>
{'active': 78,
 'death': 0,
 'name': 'Senegal',
 'new_case': 7,
 'new_death': 0,
 'recovered': 8,
 'serious': 0,
 'total_case': 86}
2020-03-24 20:07:08 [scrapy.core.scraper] DEBUG: Scraped from <200 https://www.worldometers.info/coronavirus//>
{'active': 67,
 'death': 0,
 'name': 'Oman',
 'new_case': 18,
 'new_death': 0,
 'recovered': 17,
 'serious': 0,
 'total_case': 84}
2020-03-24 20:07:08 [scrapy.core.scraper] DEBUG: Scraped from <200 https://www.worldometers.info/coronavirus//>
{'active': 69,
 'death': 0,
 'name': 'Venezuela',
 'new_case': 0,
 'new_death': 0,
 'recovered': 15,
 'serious': 2,
 'total_case': 84}
2020-03-24 20:07:08 [scrapy.core.scraper] DEBUG: Scraped from <200 https://www.worldometers.info/coronavirus//>
{'active': 59,
 'death': 0,
 'name': 'Belarus',
 'new_case': 0,
 'new_death': 0,
 'recovered': 22,
 'serious': 0,
 'total_case': 81}
2020-03-24 20:07:08 [scrapy.core.scraper] DEBUG: Scraped from <200 https://www.worldometers.info/coronavirus//>
{'active': 72,
 'death': 1,
 'name': 'Afghanistan',
 'new_case': 34,
 'new_death': 0,
 'recovered': 1,
 'serious': 0,
 'total_case': 74}
2020-03-24 20:07:08 [scrapy.core.scraper] DEBUG: Scraped from <200 https://www.worldometers.info/coronavirus//>
{'active': 71,
 'death': 0,
 'name': 'Ivory Coast',
 'new_case': 48,
 'new_death': 0,
 'recovered': 2,
 'serious': 0,
 'total_case': 73}
2020-03-24 20:07:08 [scrapy.core.scraper] DEBUG: Scraped from <200 https://www.worldometers.info/coronavirus//>
{'active': 72,
 'death': 0,
 'name': 'Kazakhstan',
 'new_case': 10,
 'new_death': 0,
 'recovered': 0,
 'serious': 0,
 'total_case': 72}
2020-03-24 20:07:08 [scrapy.core.scraper] DEBUG: Scraped from <200 https://www.worldometers.info/coronavirus//>
{'active': 61,
 'death': 0,
 'name': 'Georgia',
 'new_case': 9,
 'new_death': 0,
 'recovered': 9,
 'serious': 1,
 'total_case': 70}
2020-03-24 20:07:08 [scrapy.core.scraper] DEBUG: Scraped from <200 https://www.worldometers.info/coronavirus//>
{'active': 64,
 'death': 0,
 'name': 'Cameroon',
 'new_case': 10,
 'new_death': 0,
 'recovered': 2,
 'serious': 0,
 'total_case': 66}
2020-03-24 20:07:08 [scrapy.core.scraper] DEBUG: Scraped from <200 https://www.worldometers.info/coronavirus//>
{'active': 61,
 'death': 1,
 'name': 'Guadeloupe',
 'new_case': 0,
 'new_death': 0,
 'recovered': 0,
 'serious': 4,
 'total_case': 62}
2020-03-24 20:07:08 [scrapy.core.scraper] DEBUG: Scraped from <200 https://www.worldometers.info/coronavirus//>
{'active': 44,
 'death': 0,
 'name': 'Palestine',
 'new_case': 1,
 'new_death': 0,
 'recovered': 16,
 'serious': 0,
 'total_case': 60}
2020-03-24 20:07:08 [scrapy.core.scraper] DEBUG: Scraped from <200 https://www.worldometers.info/coronavirus//>
{'active': 51,
 'death': 2,
 'name': 'Ghana',
 'new_case': 26,
 'new_death': 0,
 'recovered': 0,
 'serious': 0,
 'total_case': 53}
2020-03-24 20:07:08 [scrapy.core.scraper] DEBUG: Scraped from <200 https://www.worldometers.info/coronavirus//>
{'active': 52,
 'death': 1,
 'name': 'Martinique',
 'new_case': 0,
 'new_death': 0,
 'recovered': 0,
 'serious': 7,
 'total_case': 53}
2020-03-24 20:07:08 [scrapy.core.scraper] DEBUG: Scraped from <200 https://www.worldometers.info/coronavirus//>
{'active': 53,
 'death': 0,
 'name': 'Trinidad and Tobago',
 'new_case': 2,
 'new_death': 0,
 'recovered': 0,
 'serious': 0,
 'total_case': 53}
2020-03-24 20:07:08 [scrapy.core.scraper] DEBUG: Scraped from <200 https://www.worldometers.info/coronavirus//>
{'active': 51,
 'death': 0,
 'name': 'Liechtenstein',
 'new_case': 0,
 'new_death': 0,
 'recovered': 0,
 'serious': 0,
 'total_case': 51}
2020-03-24 20:07:09 [scrapy.core.scraper] DEBUG: Scraped from <200 https://www.worldometers.info/coronavirus//>
{'active': 50,
 'death': 0,
 'name': 'Uzbekistan',
 'new_case': 4,
 'new_death': 0,
 'recovered': 0,
 'serious': 0,
 'total_case': 50}
2020-03-24 20:07:09 [scrapy.core.scraper] DEBUG: Scraped from <200 https://www.worldometers.info/coronavirus//>
{'active': 46,
 'death': 1,
 'name': 'Cuba',
 'new_case': 8,
 'new_death': 0,
 'recovered': 1,
 'serious': 2,
 'total_case': 48}
2020-03-24 20:07:09 [scrapy.core.scraper] DEBUG: Scraped from <200 https://www.worldometers.info/coronavirus//>
{'active': 46,
 'death': 1,
 'name': 'Montenegro',
 'new_case': 20,
 'new_death': 0,
 'recovered': 0,
 'serious': 0,
 'total_case': 47}
2020-03-24 20:07:09 [scrapy.core.scraper] DEBUG: Scraped from <200 https://www.worldometers.info/coronavirus//>
{'active': 43,
 'death': 2,
 'name': 'DRC',
 'new_case': 9,
 'new_death': 0,
 'recovered': 0,
 'serious': 0,
 'total_case': 45}
2020-03-24 20:07:09 [scrapy.core.scraper] DEBUG: Scraped from <200 https://www.worldometers.info/coronavirus//>
{'active': 41,
 'death': 1,
 'name': 'Nigeria',
 'new_case': 4,
 'new_death': 0,
 'recovered': 2,
 'serious': 0,
 'total_case': 44}
2020-03-24 20:07:09 [scrapy.core.scraper] DEBUG: Scraped from <200 https://www.worldometers.info/coronavirus//>
{'active': 40,
 'death': 2,
 'name': 'Mauritius',
 'new_case': 6,
 'new_death': 0,
 'recovered': 0,
 'serious': 1,
 'total_case': 42}
2020-03-24 20:07:09 [scrapy.core.scraper] DEBUG: Scraped from <200 https://www.worldometers.info/coronavirus//>
{'active': 42,
 'death': 0,
 'name': 'Kyrgyzstan',
 'new_case': 26,
 'new_death': 0,
 'recovered': 0,
 'serious': 0,
 'total_case': 42}
2020-03-24 20:07:09 [scrapy.core.scraper] DEBUG: Scraped from <200 https://www.worldometers.info/coronavirus//>
{'active': 40,
 'death': 0,
 'name': 'Rwanda',
 'new_case': 4,
 'new_death': 0,
 'recovered': 0,
 'serious': 0,
 'total_case': 40}
2020-03-24 20:07:09 [scrapy.core.scraper] DEBUG: Scraped from <200 https://www.worldometers.info/coronavirus//>
{'active': 30,
 'death': 4,
 'name': 'Bangladesh',
 'new_case': 6,
 'new_death': 1,
 'recovered': 5,
 'serious': 0,
 'total_case': 39}
2020-03-24 20:07:09 [scrapy.core.scraper] DEBUG: Scraped from <200 https://www.worldometers.info/coronavirus//>
{'active': 36,
 'death': 2,
 'name': 'Puerto Rico',
 'new_case': 8,
 'new_death': 0,
 'recovered': 1,
 'serious': 0,
 'total_case': 39}
2020-03-24 20:07:09 [scrapy.core.scraper] DEBUG: Scraped from <200 https://www.worldometers.info/coronavirus//>
{'active': 36,
 'death': 0,
 'name': 'Channel Islands',
 'new_case': 0,
 'new_death': 0,
 'recovered': 0,
 'serious': 0,
 'total_case': 36}
2020-03-24 20:07:09 [scrapy.core.scraper] DEBUG: Scraped from <200 https://www.worldometers.info/coronavirus//>
{'active': 36,
 'death': 0,
 'name': 'Mayotte',
 'new_case': 12,
 'new_death': 0,
 'recovered': 0,
 'serious': 0,
 'total_case': 36}
2020-03-24 20:07:09 [scrapy.core.scraper] DEBUG: Scraped from <200 https://www.worldometers.info/coronavirus//>
{'active': 31,
 'death': 1,
 'name': 'Guam',
 'new_case': 3,
 'new_death': 0,
 'recovered': 0,
 'serious': 0,
 'total_case': 32}
2020-03-24 20:07:09 [scrapy.core.scraper] DEBUG: Scraped from <200 https://www.worldometers.info/coronavirus//>
{'active': 30,
 'death': 0,
 'name': 'Honduras',
 'new_case': 0,
 'new_death': 0,
 'recovered': 0,
 'serious': 0,
 'total_case': 30}
2020-03-24 20:07:09 [scrapy.core.scraper] DEBUG: Scraped from <200 https://www.worldometers.info/coronavirus//>
{'active': 29,
 'death': 0,
 'name': 'Bolivia',
 'new_case': 2,
 'new_death': 0,
 'recovered': 0,
 'serious': 0,
 'total_case': 29}
2020-03-24 20:07:09 [scrapy.core.scraper] DEBUG: Scraped from <200 https://www.worldometers.info/coronavirus//>
{'active': 18,
 'death': 0,
 'name': 'Macao',
 'new_case': 3,
 'new_death': 0,
 'recovered': 10,
 'serious': 0,
 'total_case': 28}
2020-03-24 20:07:09 [scrapy.core.scraper] DEBUG: Scraped from <200 https://www.worldometers.info/coronavirus//>
{'active': 25,
 'death': 2,
 'name': 'Paraguay',
 'new_case': 5,
 'new_death': 1,
 'recovered': 0,
 'serious': 1,
 'total_case': 27}
2020-03-24 20:07:09 [scrapy.core.scraper] DEBUG: Scraped from <200 https://www.worldometers.info/coronavirus//>
{'active': 25,
 'death': 0,
 'name': 'Kenya',
 'new_case': 9,
 'new_death': 0,
 'recovered': 0,
 'serious': 0,
 'total_case': 25}
2020-03-24 20:07:09 [scrapy.core.scraper] DEBUG: Scraped from <200 https://www.worldometers.info/coronavirus//>
{'active': 22,
 'death': 0,
 'name': 'Monaco',
 'new_case': 0,
 'new_death': 0,
 'recovered': 1,
 'serious': 0,
 'total_case': 23}
2020-03-24 20:07:09 [scrapy.core.scraper] DEBUG: Scraped from <200 https://www.worldometers.info/coronavirus//>
{'active': 17,
 'death': 0,
 'name': 'French Guiana',
 'new_case': 3,
 'new_death': 0,
 'recovered': 6,
 'serious': 0,
 'total_case': 23}
2020-03-24 20:07:09 [scrapy.core.scraper] DEBUG: Scraped from <200 https://www.worldometers.info/coronavirus//>
{'active': 23,
 'death': 0,
 'name': 'French Polynesia',
 'new_case': 5,
 'new_death': 0,
 'recovered': 0,
 'serious': 0,
 'total_case': 23}
2020-03-24 20:07:09 [scrapy.core.scraper] DEBUG: Scraped from <200 https://www.worldometers.info/coronavirus//>
{'active': 23,
 'death': 0,
 'name': 'Isle of Man',
 'new_case': 10,
 'new_death': 0,
 'recovered': 0,
 'serious': 0,
 'total_case': 23}
2020-03-24 20:07:09 [scrapy.core.scraper] DEBUG: Scraped from <200 https://www.worldometers.info/coronavirus//>
{'active': 20,
 'death': 1,
 'name': 'Guatemala',
 'new_case': 1,
 'new_death': 0,
 'recovered': 0,
 'serious': 0,
 'total_case': 21}
2020-03-24 20:07:09 [scrapy.core.scraper] DEBUG: Scraped from <200 https://www.worldometers.info/coronavirus//>
{'active': 18,
 'death': 1,
 'name': 'Jamaica',
 'new_case': 2,
 'new_death': 0,
 'recovered': 2,
 'serious': 0,
 'total_case': 21}
2020-03-24 20:07:09 [scrapy.core.scraper] DEBUG: Scraped from <200 https://www.worldometers.info/coronavirus//>
{'active': 19,
 'death': 1,
 'name': 'Guyana',
 'new_case': 0,
 'new_death': 0,
 'recovered': 0,
 'serious': 0,
 'total_case': 20}
2020-03-24 20:07:09 [scrapy.core.scraper] DEBUG: Scraped from <200 https://www.worldometers.info/coronavirus//>
{'active': 19,
 'death': 0,
 'name': 'Togo',
 'new_case': 2,
 'new_death': 0,
 'recovered': 1,
 'serious': 0,
 'total_case': 20}
2020-03-24 20:07:09 [scrapy.core.scraper] DEBUG: Scraped from <200 https://www.worldometers.info/coronavirus//>
{'active': 17,
 'death': 0,
 'name': 'Barbados',
 'new_case': 0,
 'new_death': 0,
 'recovered': 0,
 'serious': 0,
 'total_case': 17}
2020-03-24 20:07:09 [scrapy.core.scraper] DEBUG: Scraped from <200 https://www.worldometers.info/coronavirus//>
{'active': 17,
 'death': 0,
 'name': 'Madagascar',
 'new_case': 5,
 'new_death': 0,
 'recovered': 0,
 'serious': 0,
 'total_case': 17}
2020-03-24 20:07:09 [scrapy.core.scraper] DEBUG: Scraped from <200 https://www.worldometers.info/coronavirus//>
{'active': 17,
 'death': 0,
 'name': 'U.S. Virgin Islands',
 'new_case': 0,
 'new_death': 0,
 'recovered': 0,
 'serious': 0,
 'total_case': 17}
2020-03-24 20:07:09 [scrapy.core.scraper] DEBUG: Scraped from <200 https://www.worldometers.info/coronavirus//>
{'active': 10,
 'death': 0,
 'name': 'Gibraltar',
 'new_case': 0,
 'new_death': 0,
 'recovered': 5,
 'serious': 0,
 'total_case': 15}
2020-03-24 20:07:09 [scrapy.core.scraper] DEBUG: Scraped from <200 https://www.worldometers.info/coronavirus//>
{'active': 8,
 'death': 0,
 'name': 'Maldives',
 'new_case': 0,
 'new_death': 0,
 'recovered': 5,
 'serious': 0,
 'total_case': 13}
2020-03-24 20:07:09 [scrapy.core.scraper] DEBUG: Scraped from <200 https://www.worldometers.info/coronavirus//>
{'active': 11,
 'death': 0,
 'name': 'Aruba',
 'new_case': 3,
 'new_death': 0,
 'recovered': 1,
 'serious': 0,
 'total_case': 12}
2020-03-24 20:07:09 [scrapy.core.scraper] DEBUG: Scraped from <200 https://www.worldometers.info/coronavirus//>
{'active': 12,
 'death': 0,
 'name': 'Ethiopia',
 'new_case': 1,
 'new_death': 0,
 'recovered': 0,
 'serious': 0,
 'total_case': 12}
2020-03-24 20:07:09 [scrapy.core.scraper] DEBUG: Scraped from <200 https://www.worldometers.info/coronavirus//>
{'active': 12,
 'death': 0,
 'name': 'Tanzania',
 'new_case': 0,
 'new_death': 0,
 'recovered': 0,
 'serious': 0,
 'total_case': 12}
2020-03-24 20:07:09 [scrapy.core.scraper] DEBUG: Scraped from <200 https://www.worldometers.info/coronavirus//>
{'active': 10,
 'death': 0,
 'name': 'Mongolia',
 'new_case': 0,
 'new_death': 0,
 'recovered': 0,
 'serious': 0,
 'total_case': 10}
2020-03-24 20:07:09 [scrapy.core.scraper] DEBUG: Scraped from <200 https://www.worldometers.info/coronavirus//>
{'active': 10,
 'death': 0,
 'name': 'New Caledonia',
 'new_case': 2,
 'new_death': 0,
 'recovered': 0,
 'serious': 0,
 'total_case': 10}
2020-03-24 20:07:09 [scrapy.core.scraper] DEBUG: Scraped from <200 https://www.worldometers.info/coronavirus//>
{'active': 9,
 'death': 0,
 'name': 'Equatorial Guinea',
 'new_case': 0,
 'new_death': 0,
 'recovered': 0,
 'serious': 0,
 'total_case': 9}
2020-03-24 20:07:09 [scrapy.core.scraper] DEBUG: Scraped from <200 https://www.worldometers.info/coronavirus//>
{'active': 9,
 'death': 0,
 'name': 'Uganda',
 'new_case': 0,
 'new_death': 0,
 'recovered': 0,
 'serious': 0,
 'total_case': 9}
2020-03-24 20:07:09 [scrapy.core.scraper] DEBUG: Scraped from <200 https://www.worldometers.info/coronavirus//>
{'active': 8,
 'death': 0,
 'name': 'Saint Martin',
 'new_case': 0,
 'new_death': 0,
 'recovered': 0,
 'serious': 0,
 'total_case': 8}
2020-03-24 20:07:09 [scrapy.core.scraper] DEBUG: Scraped from <200 https://www.worldometers.info/coronavirus//>
{'active': 5,
 'death': 0,
 'name': 'Namibia',
 'new_case': 3,
 'new_death': 0,
 'recovered': 2,
 'serious': 0,
 'total_case': 7}
2020-03-24 20:07:09 [scrapy.core.scraper] DEBUG: Scraped from <200 https://www.worldometers.info/coronavirus//>
{'active': 7,
 'death': 0,
 'name': 'Seychelles',
 'new_case': 0,
 'new_death': 0,
 'recovered': 0,
 'serious': 0,
 'total_case': 7}
2020-03-24 20:07:09 [scrapy.core.scraper] DEBUG: Scraped from <200 https://www.worldometers.info/coronavirus//>
{'active': 7,
 'death': 0,
 'name': 'Suriname',
 'new_case': 2,
 'new_death': 0,
 'recovered': 0,
 'serious': 0,
 'total_case': 7}
2020-03-24 20:07:09 [scrapy.core.scraper] DEBUG: Scraped from <200 https://www.worldometers.info/coronavirus//>
{'active': 5,
 'death': 1,
 'name': 'Cayman Islands',
 'new_case': 1,
 'new_death': 0,
 'recovered': 0,
 'serious': 0,
 'total_case': 6}
2020-03-24 20:07:09 [scrapy.core.scraper] DEBUG: Scraped from <200 https://www.worldometers.info/coronavirus//>
{'active': 5,
 'death': 1,
 'name': 'Gabon',
 'new_case': 0,
 'new_death': 0,
 'recovered': 0,
 'serious': 0,
 'total_case': 6}
2020-03-24 20:07:09 [scrapy.core.scraper] DEBUG: Scraped from <200 https://www.worldometers.info/coronavirus//>
{'active': 6,
 'death': 0,
 'name': 'Benin',
 'new_case': 0,
 'new_death': 0,
 'recovered': 0,
 'serious': 0,
 'total_case': 6}
2020-03-24 20:07:09 [scrapy.core.scraper] DEBUG: Scraped from <200 https://www.worldometers.info/coronavirus//>
{'active': 6,
 'death': 0,
 'name': 'Bermuda',
 'new_case': 0,
 'new_death': 0,
 'recovered': 0,
 'serious': 0,
 'total_case': 6}
2020-03-24 20:07:09 [scrapy.core.scraper] DEBUG: Scraped from <200 https://www.worldometers.info/coronavirus//>
{'active': 6,
 'death': 0,
 'name': 'Haiti',
 'new_case': 0,
 'new_death': 0,
 'recovered': 0,
 'serious': 0,
 'total_case': 6}
2020-03-24 20:07:09 [scrapy.core.scraper] DEBUG: Scraped from <200 https://www.worldometers.info/coronavirus//>
{'active': 5,
 'death': 0,
 'name': 'El Salvador',
 'new_case': 2,
 'new_death': 0,
 'recovered': 0,
 'serious': 0,
 'total_case': 5}
2020-03-24 20:07:09 [scrapy.core.scraper] DEBUG: Scraped from <200 https://www.worldometers.info/coronavirus//>
{'active': 3,
 'death': 0,
 'name': 'Greenland',
 'new_case': 1,
 'new_death': 0,
 'recovered': 2,
 'serious': 0,
 'total_case': 5}
2020-03-24 20:07:09 [scrapy.core.scraper] DEBUG: Scraped from <200 https://www.worldometers.info/coronavirus//>
{'active': 3,
 'death': 1,
 'name': 'Curaçao',
 'new_case': 0,
 'new_death': 0,
 'recovered': 0,
 'serious': 0,
 'total_case': 4}
2020-03-24 20:07:09 [scrapy.core.scraper] DEBUG: Scraped from <200 https://www.worldometers.info/coronavirus//>
{'active': 4,
 'death': 0,
 'name': 'Bahamas',
 'new_case': 0,
 'new_death': 0,
 'recovered': 0,
 'serious': 0,
 'total_case': 4}
2020-03-24 20:07:09 [scrapy.core.scraper] DEBUG: Scraped from <200 https://www.worldometers.info/coronavirus//>
{'active': 4,
 'death': 0,
 'name': 'Congo',
 'new_case': 0,
 'new_death': 0,
 'recovered': 0,
 'serious': 0,
 'total_case': 4}
2020-03-24 20:07:09 [scrapy.core.scraper] DEBUG: Scraped from <200 https://www.worldometers.info/coronavirus//>
{'active': 4,
 'death': 0,
 'name': 'Fiji',
 'new_case': 1,
 'new_death': 0,
 'recovered': 0,
 'serious': 0,
 'total_case': 4}
2020-03-24 20:07:09 [scrapy.core.scraper] DEBUG: Scraped from <200 https://www.worldometers.info/coronavirus//>
{'active': 4,
 'death': 0,
 'name': 'Guinea',
 'new_case': 0,
 'new_death': 0,
 'recovered': 0,
 'serious': 0,
 'total_case': 4}
2020-03-24 20:07:09 [scrapy.core.scraper] DEBUG: Scraped from <200 https://www.worldometers.info/coronavirus//>
{'active': 4,
 'death': 0,
 'name': 'Vatican City',
 'new_case': 3,
 'new_death': 0,
 'recovered': 0,
 'serious': 0,
 'total_case': 4}
2020-03-24 20:07:09 [scrapy.core.scraper] DEBUG: Scraped from <200 https://www.worldometers.info/coronavirus//>
{'active': 4,
 'death': 0,
 'name': 'Eswatini',
 'new_case': 0,
 'new_death': 0,
 'recovered': 0,
 'serious': 0,
 'total_case': 4}
2020-03-24 20:07:09 [scrapy.core.scraper] DEBUG: Scraped from <200 https://www.worldometers.info/coronavirus//>
{'active': 2,
 'death': 1,
 'name': 'Cabo Verde',
 'new_case': 0,
 'new_death': 1,
 'recovered': 0,
 'serious': 0,
 'total_case': 3}
2020-03-24 20:07:09 [scrapy.core.scraper] DEBUG: Scraped from <200 https://www.worldometers.info/coronavirus//>
{'active': 2,
 'death': 1,
 'name': 'Gambia',
 'new_case': 1,
 'new_death': 0,
 'recovered': 0,
 'serious': 0,
 'total_case': 3}
2020-03-24 20:07:09 [scrapy.core.scraper] DEBUG: Scraped from <200 https://www.worldometers.info/coronavirus//>
{'active': 2,
 'death': 1,
 'name': 'Sudan',
 'new_case': 1,
 'new_death': 0,
 'recovered': 0,
 'serious': 0,
 'total_case': 3}
2020-03-24 20:07:09 [scrapy.core.scraper] DEBUG: Scraped from <200 https://www.worldometers.info/coronavirus//>
{'active': 2,
 'death': 1,
 'name': 'Zimbabwe',
 'new_case': 0,
 'new_death': 0,
 'recovered': 0,
 'serious': 0,
 'total_case': 3}
2020-03-24 20:07:09 [scrapy.core.scraper] DEBUG: Scraped from <200 https://www.worldometers.info/coronavirus//>
{'active': 3,
 'death': 0,
 'name': 'Angola',
 'new_case': 0,
 'new_death': 0,
 'recovered': 0,
 'serious': 0,
 'total_case': 3}
2020-03-24 20:07:09 [scrapy.core.scraper] DEBUG: Scraped from <200 https://www.worldometers.info/coronavirus//>
{'active': 3,
 'death': 0,
 'name': 'Antigua and Barbuda',
 'new_case': 0,
 'new_death': 0,
 'recovered': 0,
 'serious': 0,
 'total_case': 3}
2020-03-24 20:07:09 [scrapy.core.scraper] DEBUG: Scraped from <200 https://www.worldometers.info/coronavirus//>
{'active': 3,
 'death': 0,
 'name': 'CAR',
 'new_case': 0,
 'new_death': 0,
 'recovered': 0,
 'serious': 0,
 'total_case': 3}
2020-03-24 20:07:09 [scrapy.core.scraper] DEBUG: Scraped from <200 https://www.worldometers.info/coronavirus//>
{'active': 3,
 'death': 0,
 'name': 'Chad',
 'new_case': 1,
 'new_death': 0,
 'recovered': 0,
 'serious': 0,
 'total_case': 3}
2020-03-24 20:07:09 [scrapy.core.scraper] DEBUG: Scraped from <200 https://www.worldometers.info/coronavirus//>
{'active': 3,
 'death': 0,
 'name': 'Djibouti',
 'new_case': 0,
 'new_death': 0,
 'recovered': 0,
 'serious': 0,
 'total_case': 3}
2020-03-24 20:07:09 [scrapy.core.scraper] DEBUG: Scraped from <200 https://www.worldometers.info/coronavirus//>
{'active': 3,
 'death': 0,
 'name': 'Liberia',
 'new_case': 0,
 'new_death': 0,
 'recovered': 0,
 'serious': 0,
 'total_case': 3}
2020-03-24 20:07:09 [scrapy.core.scraper] DEBUG: Scraped from <200 https://www.worldometers.info/coronavirus//>
{'active': 3,
 'death': 0,
 'name': 'Mozambique',
 'new_case': 2,
 'new_death': 0,
 'recovered': 0,
 'serious': 0,
 'total_case': 3}
2020-03-24 20:07:09 [scrapy.core.scraper] DEBUG: Scraped from <200 https://www.worldometers.info/coronavirus//>
{'active': 3,
 'death': 0,
 'name': 'Myanmar',
 'new_case': 1,
 'new_death': 0,
 'recovered': 0,
 'serious': 0,
 'total_case': 3}
2020-03-24 20:07:09 [scrapy.core.scraper] DEBUG: Scraped from <200 https://www.worldometers.info/coronavirus//>
{'active': 3,
 'death': 0,
 'name': 'Niger',
 'new_case': 0,
 'new_death': 0,
 'recovered': 0,
 'serious': 0,
 'total_case': 3}
2020-03-24 20:07:09 [scrapy.core.scraper] DEBUG: Scraped from <200 https://www.worldometers.info/coronavirus//>
{'active': 3,
 'death': 0,
 'name': 'St. Barth',
 'new_case': 0,
 'new_death': 0,
 'recovered': 0,
 'serious': 0,
 'total_case': 3}
2020-03-24 20:07:09 [scrapy.core.scraper] DEBUG: Scraped from <200 https://www.worldometers.info/coronavirus//>
{'active': 3,
 'death': 0,
 'name': 'Saint Lucia',
 'new_case': 0,
 'new_death': 0,
 'recovered': 0,
 'serious': 0,
 'total_case': 3}
2020-03-24 20:07:09 [scrapy.core.scraper] DEBUG: Scraped from <200 https://www.worldometers.info/coronavirus//>
{'active': 3,
 'death': 0,
 'name': 'Zambia',
 'new_case': 0,
 'new_death': 0,
 'recovered': 0,
 'serious': 0,
 'total_case': 3}
2020-03-24 20:07:09 [scrapy.core.scraper] DEBUG: Scraped from <200 https://www.worldometers.info/coronavirus//>
{'active': 1,
 'death': 0,
 'name': 'Nepal',
 'new_case': 0,
 'new_death': 0,
 'recovered': 1,
 'serious': 0,
 'total_case': 2}
2020-03-24 20:07:09 [scrapy.core.scraper] DEBUG: Scraped from <200 https://www.worldometers.info/coronavirus//>
{'active': 2,
 'death': 0,
 'name': 'Bhutan',
 'new_case': 0,
 'new_death': 0,
 'recovered': 0,
 'serious': 0,
 'total_case': 2}
2020-03-24 20:07:09 [scrapy.core.scraper] DEBUG: Scraped from <200 https://www.worldometers.info/coronavirus//>
{'active': 2,
 'death': 0,
 'name': 'Dominica',
 'new_case': 0,
 'new_death': 0,
 'recovered': 0,
 'serious': 0,
 'total_case': 2}
2020-03-24 20:07:09 [scrapy.core.scraper] DEBUG: Scraped from <200 https://www.worldometers.info/coronavirus//>
{'active': 2,
 'death': 0,
 'name': 'Laos',
 'new_case': 2,
 'new_death': 0,
 'recovered': 0,
 'serious': 0,
 'total_case': 2}
2020-03-24 20:07:09 [scrapy.core.scraper] DEBUG: Scraped from <200 https://www.worldometers.info/coronavirus//>
{'active': 2,
 'death': 0,
 'name': 'Mauritania',
 'new_case': 0,
 'new_death': 0,
 'recovered': 0,
 'serious': 0,
 'total_case': 2}
2020-03-24 20:07:09 [scrapy.core.scraper] DEBUG: Scraped from <200 https://www.worldometers.info/coronavirus//>
{'active': 2,
 'death': 0,
 'name': 'Nicaragua',
 'new_case': 0,
 'new_death': 0,
 'recovered': 0,
 'serious': 0,
 'total_case': 2}
2020-03-24 20:07:09 [scrapy.core.scraper] DEBUG: Scraped from <200 https://www.worldometers.info/coronavirus//>
{'active': 2,
 'death': 0,
 'name': 'Sint Maarten',
 'new_case': 0,
 'new_death': 0,
 'recovered': 0,
 'serious': 0,
 'total_case': 2}
2020-03-24 20:07:09 [scrapy.core.scraper] DEBUG: Scraped from <200 https://www.worldometers.info/coronavirus//>
{'active': 1,
 'death': 0,
 'name': 'Belize',
 'new_case': 0,
 'new_death': 0,
 'recovered': 0,
 'serious': 0,
 'total_case': 1}
2020-03-24 20:07:09 [scrapy.core.scraper] DEBUG: Scraped from <200 https://www.worldometers.info/coronavirus//>
{'active': 1,
 'death': 0,
 'name': 'Eritrea',
 'new_case': 0,
 'new_death': 0,
 'recovered': 0,
 'serious': 0,
 'total_case': 1}
2020-03-24 20:07:09 [scrapy.core.scraper] DEBUG: Scraped from <200 https://www.worldometers.info/coronavirus//>
{'active': 1,
 'death': 0,
 'name': 'Grenada',
 'new_case': 0,
 'new_death': 0,
 'recovered': 0,
 'serious': 0,
 'total_case': 1}
2020-03-24 20:07:09 [scrapy.core.scraper] DEBUG: Scraped from <200 https://www.worldometers.info/coronavirus//>
{'active': 1,
 'death': 0,
 'name': 'Montserrat',
 'new_case': 0,
 'new_death': 0,
 'recovered': 0,
 'serious': 0,
 'total_case': 1}
2020-03-24 20:07:09 [scrapy.core.scraper] DEBUG: Scraped from <200 https://www.worldometers.info/coronavirus//>
{'active': 1,
 'death': 0,
 'name': 'Papua New Guinea',
 'new_case': 0,
 'new_death': 0,
 'recovered': 0,
 'serious': 0,
 'total_case': 1}
2020-03-24 20:07:09 [scrapy.core.scraper] DEBUG: Scraped from <200 https://www.worldometers.info/coronavirus//>
{'active': 1,
 'death': 0,
 'name': 'St. Vincent Grenadines',
 'new_case': 0,
 'new_death': 0,
 'recovered': 0,
 'serious': 0,
 'total_case': 1}
2020-03-24 20:07:09 [scrapy.core.scraper] DEBUG: Scraped from <200 https://www.worldometers.info/coronavirus//>
{'active': 1,
 'death': 0,
 'name': 'Somalia',
 'new_case': 0,
 'new_death': 0,
 'recovered': 0,
 'serious': 0,
 'total_case': 1}
2020-03-24 20:07:09 [scrapy.core.scraper] DEBUG: Scraped from <200 https://www.worldometers.info/coronavirus//>
{'active': 1,
 'death': 0,
 'name': 'Syria',
 'new_case': 0,
 'new_death': 0,
 'recovered': 0,
 'serious': 0,
 'total_case': 1}
2020-03-24 20:07:09 [scrapy.core.scraper] DEBUG: Scraped from <200 https://www.worldometers.info/coronavirus//>
{'active': 1,
 'death': 0,
 'name': 'Timor-Leste',
 'new_case': 0,
 'new_death': 0,
 'recovered': 0,
 'serious': 0,
 'total_case': 1}
2020-03-24 20:07:09 [scrapy.core.scraper] DEBUG: Scraped from <200 https://www.worldometers.info/coronavirus//>
{'active': 1,
 'death': 0,
 'name': 'Turks and Caicos',
 'new_case': 0,
 'new_death': 0,
 'recovered': 0,
 'serious': 0,
 'total_case': 1}
2020-03-24 20:07:09 [scrapy.core.engine] INFO: Closing spider (finished)
2020-03-24 20:07:09 [scrapy.statscollectors] INFO: Dumping Scrapy stats:
{'downloader/request_bytes': 465,
 'downloader/request_count': 2,
 'downloader/request_method_count/GET': 2,
 'downloader/response_bytes': 122716,
 'downloader/response_count': 2,
 'downloader/response_status_count/200': 1,
 'downloader/response_status_count/404': 1,
 'elapsed_time_seconds': 2.977099,
 'finish_reason': 'finished',
 'finish_time': datetime.datetime(2020, 3, 24, 20, 7, 9, 151357),
 'item_scraped_count': 197,
 'log_count/DEBUG': 205,
 'log_count/INFO': 10,
 'memusage/max': 67567616,
 'memusage/startup': 67567616,
 'response_received_count': 2,
 'robotstxt/request_count': 1,
 'robotstxt/response_count': 1,
 'robotstxt/response_status_count/404': 1,
 'scheduler/dequeued': 1,
 'scheduler/dequeued/memory': 1,
 'scheduler/enqueued': 1,
 'scheduler/enqueued/memory': 1,
 'start_time': datetime.datetime(2020, 3, 24, 20, 7, 6, 174258)}
2020-03-24 20:07:09 [scrapy.core.engine] INFO: Spider closed (finished)
