2020-03-24 20:12:11 [scrapy.utils.log] INFO: Scrapy 2.0.1 started (bot: corona_scraper)
2020-03-24 20:12:11 [scrapy.utils.log] INFO: Versions: lxml 4.5.0.0, libxml2 2.9.10, cssselect 1.1.0, parsel 1.5.2, w3lib 1.21.0, Twisted 20.3.0, Python 3.7.6 (default, Dec 30 2019, 19:38:26) - [Clang 11.0.0 (clang-1100.0.33.16)], pyOpenSSL 19.1.0 (OpenSSL 1.1.1d  10 Sep 2019), cryptography 2.8, Platform Darwin-19.3.0-x86_64-i386-64bit
2020-03-24 20:12:11 [scrapy.utils.log] DEBUG: Using reactor: twisted.internet.selectreactor.SelectReactor
2020-03-24 20:12:11 [scrapy.crawler] INFO: Overridden settings:
{'BOT_NAME': 'corona_scraper',
 'LOG_FILE': 'logs/corona_scraper/corona/bcb252ba6e0b11ea99e9acde48001122.log',
 'NEWSPIDER_MODULE': 'corona_scraper.spiders',
 'ROBOTSTXT_OBEY': True,
 'SPIDER_MODULES': ['corona_scraper.spiders']}
2020-03-24 20:12:11 [scrapy.extensions.telnet] INFO: Telnet Password: 21ccc16310f9b30d
2020-03-24 20:12:11 [scrapy.middleware] INFO: Enabled extensions:
['scrapy.extensions.corestats.CoreStats',
 'scrapy.extensions.telnet.TelnetConsole',
 'scrapy.extensions.memusage.MemoryUsage',
 'scrapy.extensions.logstats.LogStats']
2020-03-24 20:12:11 [scrapy.middleware] INFO: Enabled downloader middlewares:
['scrapy.downloadermiddlewares.robotstxt.RobotsTxtMiddleware',
 'scrapy.downloadermiddlewares.httpauth.HttpAuthMiddleware',
 'scrapy.downloadermiddlewares.downloadtimeout.DownloadTimeoutMiddleware',
 'scrapy.downloadermiddlewares.defaultheaders.DefaultHeadersMiddleware',
 'scrapy.downloadermiddlewares.useragent.UserAgentMiddleware',
 'scrapy.downloadermiddlewares.retry.RetryMiddleware',
 'scrapy.downloadermiddlewares.redirect.MetaRefreshMiddleware',
 'scrapy.downloadermiddlewares.httpcompression.HttpCompressionMiddleware',
 'scrapy.downloadermiddlewares.redirect.RedirectMiddleware',
 'scrapy.downloadermiddlewares.cookies.CookiesMiddleware',
 'scrapy.downloadermiddlewares.httpproxy.HttpProxyMiddleware',
 'scrapy.downloadermiddlewares.stats.DownloaderStats']
2020-03-24 20:12:11 [scrapy.middleware] INFO: Enabled spider middlewares:
['scrapy.spidermiddlewares.httperror.HttpErrorMiddleware',
 'scrapy.spidermiddlewares.offsite.OffsiteMiddleware',
 'scrapy.spidermiddlewares.referer.RefererMiddleware',
 'scrapy.spidermiddlewares.urllength.UrlLengthMiddleware',
 'scrapy.spidermiddlewares.depth.DepthMiddleware']
2020-03-24 20:12:11 [scrapy.middleware] INFO: Enabled item pipelines:
['corona_scraper.pipelines.CoronaScraperPipeline']
2020-03-24 20:12:11 [scrapy.core.engine] INFO: Spider opened
2020-03-24 20:12:11 [scrapy.extensions.logstats] INFO: Crawled 0 pages (at 0 pages/min), scraped 0 items (at 0 items/min)
2020-03-24 20:12:11 [scrapy.extensions.telnet] INFO: Telnet console listening on 127.0.0.1:6023
2020-03-24 20:12:13 [scrapy.core.engine] DEBUG: Crawled (404) <GET https://www.worldometers.info/robots.txt> (referer: None)
2020-03-24 20:12:13 [protego] DEBUG: Rule at line 2 without any user agent to enforce it on.
2020-03-24 20:12:13 [protego] DEBUG: Rule at line 10 without any user agent to enforce it on.
2020-03-24 20:12:13 [protego] DEBUG: Rule at line 12 without any user agent to enforce it on.
2020-03-24 20:12:13 [protego] DEBUG: Rule at line 14 without any user agent to enforce it on.
2020-03-24 20:12:13 [protego] DEBUG: Rule at line 16 without any user agent to enforce it on.
2020-03-24 20:12:14 [scrapy.core.engine] DEBUG: Crawled (200) <GET https://www.worldometers.info/coronavirus/> (referer: None)
2020-03-24 20:12:14 [asyncio] DEBUG: Using selector: KqueueSelector
2020-03-24 20:12:14 [scrapy.core.scraper] DEBUG: Scraped from <200 https://www.worldometers.info/coronavirus/>
{'active': 289455,
 'closed': 126872,
 'death': 18572,
 'death_percentage': 15.0,
 'mild': 276474,
 'mild_percentage': 96.0,
 'recovered': 108300,
 'recovered_or_discharged_percentage': 85.0,
 'serious': 12981,
 'serious_percentage': 4.0,
 'total_case': 416327}
2020-03-24 20:12:14 [scrapy.core.engine] INFO: Closing spider (finished)
2020-03-24 20:12:14 [scrapy.statscollectors] INFO: Dumping Scrapy stats:
{'downloader/request_bytes': 464,
 'downloader/request_count': 2,
 'downloader/request_method_count/GET': 2,
 'downloader/response_bytes': 123429,
 'downloader/response_count': 2,
 'downloader/response_status_count/200': 1,
 'downloader/response_status_count/404': 1,
 'elapsed_time_seconds': 2.558027,
 'finish_reason': 'finished',
 'finish_time': datetime.datetime(2020, 3, 24, 20, 12, 14, 498738),
 'item_scraped_count': 1,
 'log_count/DEBUG': 9,
 'log_count/INFO': 10,
 'memusage/max': 67530752,
 'memusage/startup': 67530752,
 'response_received_count': 2,
 'robotstxt/request_count': 1,
 'robotstxt/response_count': 1,
 'robotstxt/response_status_count/404': 1,
 'scheduler/dequeued': 1,
 'scheduler/dequeued/memory': 1,
 'scheduler/enqueued': 1,
 'scheduler/enqueued/memory': 1,
 'start_time': datetime.datetime(2020, 3, 24, 20, 12, 11, 940711)}
2020-03-24 20:12:14 [scrapy.core.engine] INFO: Spider closed (finished)
